2023-09-29 23:03:31,801 INFO o.a.j.u.JMeterUtils: Setting Locale to en_GB
2023-09-29 23:03:31,841 INFO o.a.j.JMeter: Loading user properties from: C:\performance_testing\apache-jmeter-5.5\bin\user.properties
2023-09-29 23:03:31,843 INFO o.a.j.JMeter: Loading system properties from: C:\performance_testing\apache-jmeter-5.5\bin\system.properties
2023-09-29 23:03:31,843 INFO o.a.j.JMeter: Loading additional properties from: C:\performance_testing\GHA_Demo\properties\Short_Smoke_Test.properties
2023-09-29 23:03:31,843 INFO o.a.j.JMeter: Loading additional properties from: C:\performance_testing\GHA_Demo\properties\Smoke_Test_NFR.properties
2023-09-29 23:03:31,843 INFO o.a.j.JMeter: Setting JMeter property: includecontroller.prefix=C:\performance_testing\GHA_Demo\fragments\
2023-09-29 23:03:31,851 INFO o.a.j.JMeter: Copyright (c) 1998-2022 The Apache Software Foundation
2023-09-29 23:03:31,851 INFO o.a.j.JMeter: Version 5.5
2023-09-29 23:03:31,851 INFO o.a.j.JMeter: java.version=17.0.1
2023-09-29 23:03:31,851 INFO o.a.j.JMeter: java.vm.name=Java HotSpot(TM) 64-Bit Server VM
2023-09-29 23:03:31,851 INFO o.a.j.JMeter: os.name=Windows 10
2023-09-29 23:03:31,851 INFO o.a.j.JMeter: os.arch=amd64
2023-09-29 23:03:31,851 INFO o.a.j.JMeter: os.version=10.0
2023-09-29 23:03:31,851 INFO o.a.j.JMeter: file.encoding=Cp1252
2023-09-29 23:03:31,851 INFO o.a.j.JMeter: java.awt.headless=true
2023-09-29 23:03:31,851 INFO o.a.j.JMeter: Max memory     =2147483648
2023-09-29 23:03:31,851 INFO o.a.j.JMeter: Available Processors =8
2023-09-29 23:03:31,856 INFO o.a.j.JMeter: Default Locale=English (United Kingdom)
2023-09-29 23:03:31,856 INFO o.a.j.JMeter: JMeter  Locale=English (United Kingdom)
2023-09-29 23:03:31,856 INFO o.a.j.JMeter: JMeterHome=C:\performance_testing\apache-jmeter-5.5
2023-09-29 23:03:31,856 INFO o.a.j.JMeter: user.dir  =C:\performance_testing\GHA_Demo\scenarios
2023-09-29 23:03:31,856 INFO o.a.j.JMeter: PWD       =C:\performance_testing\GHA_Demo\scenarios
2023-09-29 23:03:31,862 INFO o.a.j.JMeter: IP: 192.168.0.71 Name: PL-UK-MP23H9XZ FullName: PL-UK-MP23H9XZ.planit.local
2023-09-29 23:03:31,873 INFO o.a.j.JMeter: Setting property 'jmeter.reportgenerator.outputdir' to:'C:\performance_testing\GHA_Demo\results\html_results'
2023-09-29 23:03:31,873 INFO o.a.j.s.FileServer: Default base='C:\performance_testing\GHA_Demo\scenarios'
2023-09-29 23:03:31,873 INFO o.a.j.s.FileServer: Set new base='C:\performance_testing\GHA_Demo\scenarios'
2023-09-29 23:03:32,064 INFO o.a.j.s.SaveService: Testplan (JMX) version: 2.2. Testlog (JTL) version: 2.2
2023-09-29 23:03:32,098 INFO o.a.j.s.SaveService: Using SaveService properties version 5.0
2023-09-29 23:03:32,101 INFO o.a.j.s.SaveService: Using SaveService properties file encoding UTF-8
2023-09-29 23:03:32,105 INFO o.a.j.s.SaveService: Loading file: C:\performance_testing\GHA_Demo\scenarios\BBC_Demo_Fragments.jmx
2023-09-29 23:03:32,182 INFO o.a.j.c.IncludeController: loadIncludedElements -- try to load included module: C:\performance_testing\GHA_Demo\fragments\HTTP Request - Home.jmx
2023-09-29 23:03:32,182 INFO o.a.j.s.SaveService: Loading file: C:\performance_testing\GHA_Demo\fragments\HTTP Request - Home.jmx
2023-09-29 23:03:32,195 INFO o.a.j.p.h.s.HTTPSamplerBase: Parser for text/html is org.apache.jmeter.protocol.http.parser.LagartoBasedHtmlParser
2023-09-29 23:03:32,195 INFO o.a.j.p.h.s.HTTPSamplerBase: Parser for application/xhtml+xml is org.apache.jmeter.protocol.http.parser.LagartoBasedHtmlParser
2023-09-29 23:03:32,195 INFO o.a.j.p.h.s.HTTPSamplerBase: Parser for application/xml is org.apache.jmeter.protocol.http.parser.LagartoBasedHtmlParser
2023-09-29 23:03:32,195 INFO o.a.j.p.h.s.HTTPSamplerBase: Parser for text/xml is org.apache.jmeter.protocol.http.parser.LagartoBasedHtmlParser
2023-09-29 23:03:32,195 INFO o.a.j.p.h.s.HTTPSamplerBase: Parser for text/vnd.wap.wml is org.apache.jmeter.protocol.http.parser.RegexpHTMLParser
2023-09-29 23:03:32,195 INFO o.a.j.p.h.s.HTTPSamplerBase: Parser for text/css is org.apache.jmeter.protocol.http.parser.CssParser
2023-09-29 23:03:32,197 INFO o.a.j.c.IncludeController: loadIncludedElements -- try to load included module: C:\performance_testing\GHA_Demo\fragments\HTTP Request - News.jmx
2023-09-29 23:03:32,197 INFO o.a.j.s.SaveService: Loading file: C:\performance_testing\GHA_Demo\fragments\HTTP Request - News.jmx
2023-09-29 23:03:32,198 INFO o.a.j.c.IncludeController: loadIncludedElements -- try to load included module: C:\performance_testing\GHA_Demo\fragments\HTTP Request - Article.jmx
2023-09-29 23:03:32,199 INFO o.a.j.s.SaveService: Loading file: C:\performance_testing\GHA_Demo\fragments\HTTP Request - Article.jmx
2023-09-29 23:03:32,200 INFO o.a.j.c.IncludeController: loadIncludedElements -- try to load included module: C:\performance_testing\GHA_Demo\fragments\HTTP Request - Home.jmx
2023-09-29 23:03:32,200 INFO o.a.j.s.SaveService: Loading file: C:\performance_testing\GHA_Demo\fragments\HTTP Request - Home.jmx
2023-09-29 23:03:32,202 INFO o.a.j.c.IncludeController: loadIncludedElements -- try to load included module: C:\performance_testing\GHA_Demo\fragments\HTTP Request - News.jmx
2023-09-29 23:03:32,202 INFO o.a.j.s.SaveService: Loading file: C:\performance_testing\GHA_Demo\fragments\HTTP Request - News.jmx
2023-09-29 23:03:32,204 INFO o.a.j.c.IncludeController: loadIncludedElements -- try to load included module: C:\performance_testing\GHA_Demo\fragments\HTTP Request - Article.jmx
2023-09-29 23:03:32,205 INFO o.a.j.s.SaveService: Loading file: C:\performance_testing\GHA_Demo\fragments\HTTP Request - Article.jmx
2023-09-29 23:03:32,207 INFO o.a.j.c.IncludeController: loadIncludedElements -- try to load included module: C:\performance_testing\GHA_Demo\fragments\HTTP Request - Home.jmx
2023-09-29 23:03:32,207 INFO o.a.j.s.SaveService: Loading file: C:\performance_testing\GHA_Demo\fragments\HTTP Request - Home.jmx
2023-09-29 23:03:32,209 INFO o.a.j.c.IncludeController: loadIncludedElements -- try to load included module: C:\performance_testing\GHA_Demo\fragments\HTTP Request - News.jmx
2023-09-29 23:03:32,209 INFO o.a.j.s.SaveService: Loading file: C:\performance_testing\GHA_Demo\fragments\HTTP Request - News.jmx
2023-09-29 23:03:32,210 INFO o.a.j.c.IncludeController: loadIncludedElements -- try to load included module: C:\performance_testing\GHA_Demo\fragments\HTTP Request - Article.jmx
2023-09-29 23:03:32,210 INFO o.a.j.s.SaveService: Loading file: C:\performance_testing\GHA_Demo\fragments\HTTP Request - Article.jmx
2023-09-29 23:03:32,212 INFO o.a.j.JMeter: Creating summariser <summary>
2023-09-29 23:03:32,218 INFO o.a.j.r.d.ReportGenerator: ReportGenerator will use for Parsing the separator: ','
2023-09-29 23:03:32,219 INFO o.a.j.r.d.ReportGenerator: Will generate report at end of test from  results file: C:\performance_testing\GHA_Demo\results\result.csv
2023-09-29 23:03:32,220 INFO o.a.j.r.d.ReportGenerator: Reading report generator properties from: C:\performance_testing\apache-jmeter-5.5\bin\reportgenerator.properties
2023-09-29 23:03:32,221 INFO o.a.j.r.d.ReportGenerator: Merging with JMeter properties
2023-09-29 23:03:32,226 INFO o.a.j.r.c.ReportGeneratorConfiguration: Property 'jmeter.reportgenerator.temp_dir' not found, using default value 'temp' instead.
2023-09-29 23:03:32,231 INFO o.a.j.r.c.ReportGeneratorConfiguration: Property 'jmeter.reportgenerator.apdex_per_transaction' not found, using default value 'null' instead.
2023-09-29 23:03:32,231 INFO o.a.j.r.c.ReportGeneratorConfiguration: apdex_per_transaction is empty, not APDEX per transaction customization
2023-09-29 23:03:32,231 INFO o.a.j.r.c.ReportGeneratorConfiguration: Property 'jmeter.reportgenerator.sample_filter' not found, using default value 'null' instead.
2023-09-29 23:03:32,231 INFO o.a.j.r.c.ReportGeneratorConfiguration: Property 'jmeter.reportgenerator.report_title' not found, using default value 'null' instead.
2023-09-29 23:03:32,231 INFO o.a.j.r.c.ReportGeneratorConfiguration: Property 'jmeter.reportgenerator.start_date' not found, using default value 'null' instead.
2023-09-29 23:03:32,231 INFO o.a.j.r.c.ReportGeneratorConfiguration: Property 'jmeter.reportgenerator.end_date' not found, using default value 'null' instead.
2023-09-29 23:03:32,231 INFO o.a.j.r.c.ReportGeneratorConfiguration: Property 'jmeter.reportgenerator.date_format' not found, using default value 'null' instead.
2023-09-29 23:03:32,238 INFO o.a.j.r.c.ReportGeneratorConfiguration: Will use date range start date: null, end date: null
2023-09-29 23:03:32,245 INFO o.a.j.r.c.ReportGeneratorConfiguration: Property 'jmeter.reportgenerator.graph.totalTPS.exclude_controllers' not found, using default value 'false' instead.
2023-09-29 23:03:32,245 INFO o.a.j.r.c.ReportGeneratorConfiguration: Property 'jmeter.reportgenerator.graph.activeThreadsOverTime.exclude_controllers' not found, using default value 'false' instead.
2023-09-29 23:03:32,245 INFO o.a.j.r.c.ReportGeneratorConfiguration: Property 'jmeter.reportgenerator.graph.timeVsThreads.exclude_controllers' not found, using default value 'false' instead.
2023-09-29 23:03:32,250 INFO o.a.j.r.c.ReportGeneratorConfiguration: Property 'jmeter.reportgenerator.graph.responseTimeDistribution.exclude_controllers' not found, using default value 'false' instead.
2023-09-29 23:03:32,250 INFO o.a.j.r.c.ReportGeneratorConfiguration: Property 'jmeter.reportgenerator.graph.transactionsPerSecond.exclude_controllers' not found, using default value 'false' instead.
2023-09-29 23:03:32,250 INFO o.a.j.r.c.ReportGeneratorConfiguration: Property 'jmeter.reportgenerator.graph.responseTimePercentiles.exclude_controllers' not found, using default value 'false' instead.
2023-09-29 23:03:32,251 INFO o.a.j.r.c.ReportGeneratorConfiguration: Property 'jmeter.reportgenerator.graph.responseTimePercentilesOverTime.exclude_controllers' not found, using default value 'false' instead.
2023-09-29 23:03:32,251 INFO o.a.j.r.c.ReportGeneratorConfiguration: Property 'jmeter.reportgenerator.graph.responseTimesOverTime.exclude_controllers' not found, using default value 'false' instead.
2023-09-29 23:03:32,251 INFO o.a.j.r.c.ReportGeneratorConfiguration: Property 'jmeter.reportgenerator.graph.connectTimeOverTime.exclude_controllers' not found, using default value 'false' instead.
2023-09-29 23:03:32,251 INFO o.a.j.r.c.ReportGeneratorConfiguration: Property 'jmeter.reportgenerator.graph.latenciesOverTime.exclude_controllers' not found, using default value 'false' instead.
2023-09-29 23:03:32,253 INFO o.a.j.r.c.ReportGeneratorConfiguration: Property 'jmeter.reportgenerator.exporter.json.filters_only_sample_series' not found, using default value 'true' instead.
2023-09-29 23:03:32,253 INFO o.a.j.r.c.ReportGeneratorConfiguration: Property 'jmeter.reportgenerator.exporter.json.series_filter' not found, using default value '' instead.
2023-09-29 23:03:32,253 INFO o.a.j.r.c.ReportGeneratorConfiguration: Property 'jmeter.reportgenerator.exporter.json.show_controllers_only' not found, using default value 'false' instead.
2023-09-29 23:03:32,254 INFO o.a.j.r.c.ReportGeneratorConfiguration: Property 'jmeter.reportgenerator.exporter.html.filters_only_sample_series' not found, using default value 'true' instead.
2023-09-29 23:03:32,254 INFO o.a.j.r.c.ReportGeneratorConfiguration: Property 'jmeter.reportgenerator.exporter.html.series_filter' not found, using default value '' instead.
2023-09-29 23:03:32,254 INFO o.a.j.r.c.ReportGeneratorConfiguration: Property 'jmeter.reportgenerator.exporter.html.show_controllers_only' not found, using default value 'false' instead.
2023-09-29 23:03:32,270 INFO o.a.j.e.StandardJMeterEngine: Running the test!
2023-09-29 23:03:32,270 INFO o.a.j.s.SampleEvent: List of sample_variables: []
2023-09-29 23:03:32,270 INFO o.a.j.s.SampleEvent: List of sample_variables: []
2023-09-29 23:03:32,270 INFO o.a.j.e.u.CompoundVariable: Note: Function class names must contain the string: '.functions.'
2023-09-29 23:03:32,270 INFO o.a.j.e.u.CompoundVariable: Note: Function class names must not contain the string: '.gui.'
2023-09-29 23:03:32,467 INFO o.a.j.JMeter: Running test (1696025012467)
2023-09-29 23:03:32,505 INFO o.a.j.e.StandardJMeterEngine: Starting ThreadGroup: 1 : Thread Group
2023-09-29 23:03:32,505 INFO o.a.j.e.StandardJMeterEngine: Starting 3 threads for group Thread Group.
2023-09-29 23:03:32,505 INFO o.a.j.e.StandardJMeterEngine: Thread will continue on error
2023-09-29 23:03:32,505 INFO o.a.j.t.ThreadGroup: Starting thread group... number=1 threads=3 ramp-up=10 delayedStart=false
2023-09-29 23:03:32,506 INFO o.a.j.c.IncludeController: loadIncludedElements -- try to load included module: C:\performance_testing\GHA_Demo\fragments\HTTP Request - Home.jmx
2023-09-29 23:03:32,506 INFO o.a.j.s.SaveService: Loading file: C:\performance_testing\GHA_Demo\fragments\HTTP Request - Home.jmx
2023-09-29 23:03:32,508 INFO o.a.j.c.IncludeController: loadIncludedElements -- try to load included module: C:\performance_testing\GHA_Demo\fragments\HTTP Request - News.jmx
2023-09-29 23:03:32,508 INFO o.a.j.s.SaveService: Loading file: C:\performance_testing\GHA_Demo\fragments\HTTP Request - News.jmx
2023-09-29 23:03:32,510 INFO o.a.j.c.IncludeController: loadIncludedElements -- try to load included module: C:\performance_testing\GHA_Demo\fragments\HTTP Request - Article.jmx
2023-09-29 23:03:32,510 INFO o.a.j.s.SaveService: Loading file: C:\performance_testing\GHA_Demo\fragments\HTTP Request - Article.jmx
2023-09-29 23:03:32,516 INFO o.a.j.c.IncludeController: loadIncludedElements -- try to load included module: C:\performance_testing\GHA_Demo\fragments\HTTP Request - Home.jmx
2023-09-29 23:03:32,516 INFO o.a.j.s.SaveService: Loading file: C:\performance_testing\GHA_Demo\fragments\HTTP Request - Home.jmx
2023-09-29 23:03:32,519 INFO o.a.j.c.IncludeController: loadIncludedElements -- try to load included module: C:\performance_testing\GHA_Demo\fragments\HTTP Request - News.jmx
2023-09-29 23:03:32,519 INFO o.a.j.s.SaveService: Loading file: C:\performance_testing\GHA_Demo\fragments\HTTP Request - News.jmx
2023-09-29 23:03:32,519 INFO o.a.j.t.JMeterThread: Thread started: Thread Group 1-1
2023-09-29 23:03:32,521 INFO o.a.j.c.IncludeController: loadIncludedElements -- try to load included module: C:\performance_testing\GHA_Demo\fragments\HTTP Request - Article.jmx
2023-09-29 23:03:32,522 INFO o.a.j.s.SaveService: Loading file: C:\performance_testing\GHA_Demo\fragments\HTTP Request - Article.jmx
2023-09-29 23:03:32,523 INFO o.a.j.c.IncludeController: loadIncludedElements -- try to load included module: C:\performance_testing\GHA_Demo\fragments\HTTP Request - Home.jmx
2023-09-29 23:03:32,523 INFO o.a.j.s.SaveService: Loading file: C:\performance_testing\GHA_Demo\fragments\HTTP Request - Home.jmx
2023-09-29 23:03:32,526 INFO o.a.j.c.IncludeController: loadIncludedElements -- try to load included module: C:\performance_testing\GHA_Demo\fragments\HTTP Request - News.jmx
2023-09-29 23:03:32,527 INFO o.a.j.s.SaveService: Loading file: C:\performance_testing\GHA_Demo\fragments\HTTP Request - News.jmx
2023-09-29 23:03:32,528 INFO o.a.j.c.IncludeController: loadIncludedElements -- try to load included module: C:\performance_testing\GHA_Demo\fragments\HTTP Request - Article.jmx
2023-09-29 23:03:32,528 INFO o.a.j.s.SaveService: Loading file: C:\performance_testing\GHA_Demo\fragments\HTTP Request - Article.jmx
2023-09-29 23:03:32,529 INFO o.a.j.t.ThreadGroup: Started thread group number 1
2023-09-29 23:03:32,529 INFO o.a.j.e.StandardJMeterEngine: All thread groups have been started
2023-09-29 23:03:32,533 INFO o.a.j.p.h.s.HTTPHCAbstractImpl: Local host = PL-UK-MP23H9XZ
2023-09-29 23:03:32,551 INFO o.a.j.p.h.s.HTTPHC4Impl: HTTP request retry count = 0
2023-09-29 23:03:32,551 INFO o.a.j.s.SampleResult: Note: Sample TimeStamps are START times
2023-09-29 23:03:32,551 INFO o.a.j.s.SampleResult: sampleresult.default.encoding is set to ISO-8859-1
2023-09-29 23:03:32,551 INFO o.a.j.s.SampleResult: sampleresult.useNanoTime=true
2023-09-29 23:03:32,551 INFO o.a.j.s.SampleResult: sampleresult.nanoThreadSleep=5000
2023-09-29 23:03:32,697 INFO o.a.j.p.h.s.h.LazyLayeredConnectionSocketFactory: Setting up HTTPS TrustAll Socket Factory
2023-09-29 23:03:32,707 INFO o.a.j.u.JsseSSLManager: Using default SSL protocol: TLS
2023-09-29 23:03:32,708 INFO o.a.j.u.JsseSSLManager: SSL session context: per-thread
2023-09-29 23:03:32,841 INFO o.a.j.u.SSLManager: JmeterKeyStore Location:  type JKS
2023-09-29 23:03:32,841 INFO o.a.j.u.SSLManager: KeyStore created OK
2023-09-29 23:03:32,848 WARN o.a.j.u.SSLManager: Keystore file not found, loading empty keystore
2023-09-29 23:03:33,601 INFO o.a.j.r.Summariser: summary +      1 in 00:00:01 =    0.9/s Avg:   955 Min:   955 Max:   955 Err:     0 (0.00%) Active: 1 Started: 1 Finished: 0
2023-09-29 23:03:35,850 INFO o.a.j.t.JMeterThread: Thread started: Thread Group 1-2
2023-09-29 23:03:39,182 INFO o.a.j.t.JMeterThread: Thread started: Thread Group 1-3
2023-09-29 23:04:01,190 INFO o.a.j.r.Summariser: summary +     92 in 00:00:28 =    3.3/s Avg:   185 Min:     0 Max:   608 Err:     0 (0.00%) Active: 3 Started: 3 Finished: 0
2023-09-29 23:04:01,190 INFO o.a.j.r.Summariser: summary =     93 in 00:00:29 =    3.2/s Avg:   193 Min:     0 Max:   955 Err:     0 (0.00%)
2023-09-29 23:04:30,025 INFO o.a.j.r.Summariser: summary +    109 in 00:00:29 =    3.8/s Avg:   222 Min:     0 Max:  2354 Err:     0 (0.00%) Active: 3 Started: 3 Finished: 0
2023-09-29 23:04:30,026 INFO o.a.j.r.Summariser: summary =    202 in 00:00:58 =    3.5/s Avg:   209 Min:     0 Max:  2354 Err:     0 (0.00%)
2023-09-29 23:05:00,321 INFO o.a.j.r.Summariser: summary +    117 in 00:00:30 =    3.9/s Avg:   161 Min:     0 Max:   645 Err:     0 (0.00%) Active: 3 Started: 3 Finished: 0
2023-09-29 23:05:00,322 INFO o.a.j.r.Summariser: summary =    319 in 00:01:28 =    3.6/s Avg:   191 Min:     0 Max:  2354 Err:     0 (0.00%)
2023-09-29 23:05:02,507 INFO o.a.j.t.JMeterThread: Stopping because end time detected by thread: Thread Group 1-1
2023-09-29 23:05:02,507 INFO o.a.j.t.JMeterThread: Thread finished: Thread Group 1-1
2023-09-29 23:05:02,518 INFO o.a.j.t.JMeterThread: Stopping because end time detected by thread: Thread Group 1-2
2023-09-29 23:05:02,518 INFO o.a.j.t.JMeterThread: Thread finished: Thread Group 1-2
2023-09-29 23:05:02,524 INFO o.a.j.t.JMeterThread: Stopping because end time detected by thread: Thread Group 1-3
2023-09-29 23:05:02,524 INFO o.a.j.t.JMeterThread: Thread finished: Thread Group 1-3
2023-09-29 23:05:02,524 INFO o.a.j.e.StandardJMeterEngine: Notifying test listeners of end of test
2023-09-29 23:05:02,529 INFO n.c.b.j.ReportBuilder: "90th percentile" P90(HTTP Request.*) <= 300 = FAILURE
2023-09-29 23:05:02,530 INFO n.c.b.j.ReportBuilder: "Max response" MAX(HTTP Request - Home) <= 2000 = SUCCESS
2023-09-29 23:05:02,530 INFO n.c.b.j.ReportBuilder: "Not more than 1% sample errors" ERRORS(HTTP Request.*) <= 0.01 = SUCCESS
2023-09-29 23:05:02,543 INFO n.c.b.j.ReportBuilder: Writing JUnit XML file junit_results.xml
2023-09-29 23:05:02,572 INFO o.a.j.r.Summariser: summary +      7 in 00:00:02 =    3.1/s Avg:   170 Min:     0 Max:   249 Err:     0 (0.00%) Active: 0 Started: 3 Finished: 3
2023-09-29 23:05:02,572 INFO o.a.j.r.Summariser: summary =    326 in 00:01:30 =    3.6/s Avg:   191 Min:     0 Max:  2354 Err:     0 (0.00%)
2023-09-29 23:05:02,573 INFO o.a.j.JMeter: Generating Dashboard
2023-09-29 23:05:02,573 INFO o.a.j.r.d.ReportGenerator: Flushing result collector before report Generation
2023-09-29 23:05:02,596 INFO o.a.j.r.p.NormalizerSampleConsumer: Using format, 'ms', to parse timeStamp field
2023-09-29 23:05:02,694 INFO o.a.j.r.p.AbstractSampleConsumer: class org.apache.jmeter.report.processor.AggregateConsumer#stopProducing(): beginDate produced 0 samples
2023-09-29 23:05:02,694 INFO o.a.j.r.p.AbstractSampleConsumer: class org.apache.jmeter.report.processor.AggregateConsumer#stopProducing(): endDate produced 0 samples
2023-09-29 23:05:02,696 INFO o.a.j.r.p.AbstractSampleConsumer: class org.apache.jmeter.report.processor.ApdexSummaryConsumer#stopProducing(): apdexSummary produced 0 samples
2023-09-29 23:05:02,696 INFO o.a.j.r.p.AbstractSampleConsumer: class org.apache.jmeter.report.processor.RequestsSummaryConsumer#stopProducing(): requestsSummary produced 0 samples
2023-09-29 23:05:02,698 INFO o.a.j.r.p.AbstractSampleConsumer: class org.apache.jmeter.report.processor.StatisticsSummaryConsumer#stopProducing(): statisticsSummary produced 0 samples
2023-09-29 23:05:02,701 INFO o.a.j.r.p.AbstractSampleConsumer: class org.apache.jmeter.report.processor.Top5ErrorsBySamplerConsumer#stopProducing(): top5ErrorsBySampler produced 0 samples
2023-09-29 23:05:02,701 INFO o.a.j.r.p.AbstractSampleConsumer: class org.apache.jmeter.report.processor.ErrorsSummaryConsumer#stopProducing(): errorsSummary produced 0 samples
2023-09-29 23:05:02,701 INFO o.a.j.r.p.AbstractSampleConsumer: class org.apache.jmeter.report.processor.graph.impl.HitsPerSecondGraphConsumer#stopProducing(): hitsPerSecond produced 0 samples
2023-09-29 23:05:02,724 INFO o.a.j.r.p.AbstractSampleConsumer: class org.apache.jmeter.report.processor.graph.impl.LatencyVSRequestGraphConsumer#stopProducing(): latencyVsRequest produced 0 samples
2023-09-29 23:05:02,725 INFO o.a.j.r.p.AbstractSampleConsumer: class org.apache.jmeter.report.processor.graph.impl.SyntheticResponseTimeDistributionGraphConsumer#stopProducing(): syntheticResponseTimeDistribution produced 0 samples
2023-09-29 23:05:02,725 INFO o.a.j.r.p.AbstractSampleConsumer: class org.apache.jmeter.report.processor.graph.impl.BytesThroughputGraphConsumer#stopProducing(): bytesThroughputOverTime produced 0 samples
2023-09-29 23:05:02,725 INFO o.a.j.r.p.AbstractSampleConsumer: class org.apache.jmeter.report.processor.graph.impl.CodesPerSecondGraphConsumer#stopProducing(): codesPerSecond produced 0 samples
2023-09-29 23:05:02,743 INFO o.a.j.r.p.AbstractSampleConsumer: class org.apache.jmeter.report.processor.graph.impl.ResponseTimeVSRequestGraphConsumer#stopProducing(): responseTimeVsRequest produced 0 samples
2023-09-29 23:05:02,744 INFO o.a.j.r.p.AbstractSampleConsumer: class org.apache.jmeter.report.processor.FilterConsumer#stopProducing(): startIntervalControlerFilter produced 3206 samples
2023-09-29 23:05:02,744 INFO o.a.j.r.p.AbstractSampleConsumer: class org.apache.jmeter.report.processor.graph.impl.TotalTPSGraphConsumer#stopProducing(): totalTPS produced 0 samples
2023-09-29 23:05:02,744 INFO o.a.j.r.p.AbstractSampleConsumer: class org.apache.jmeter.report.processor.graph.impl.ActiveThreadsGraphConsumer#stopProducing(): activeThreadsOverTime produced 0 samples
2023-09-29 23:05:02,745 INFO o.a.j.r.p.AbstractSampleConsumer: class org.apache.jmeter.report.processor.graph.impl.TimeVSThreadGraphConsumer#stopProducing(): timeVsThreads produced 0 samples
2023-09-29 23:05:02,745 INFO o.a.j.r.p.AbstractSampleConsumer: class org.apache.jmeter.report.processor.graph.impl.ResponseTimeDistributionGraphConsumer#stopProducing(): responseTimeDistribution produced 0 samples
2023-09-29 23:05:02,745 INFO o.a.j.r.p.AbstractSampleConsumer: class org.apache.jmeter.report.processor.graph.impl.TransactionsPerSecondGraphConsumer#stopProducing(): transactionsPerSecond produced 0 samples
2023-09-29 23:05:02,745 INFO o.a.j.r.p.AbstractSampleConsumer: class org.apache.jmeter.report.processor.graph.impl.ResponseTimePercentilesGraphConsumer#stopProducing(): responseTimePercentiles produced 0 samples
2023-09-29 23:05:02,748 INFO o.a.j.r.p.AbstractSampleConsumer: class org.apache.jmeter.report.processor.graph.impl.ResponseTimePercentilesOverTimeGraphConsumer#stopProducing(): responseTimePercentilesOverTime produced 0 samples
2023-09-29 23:05:02,748 INFO o.a.j.r.p.AbstractSampleConsumer: class org.apache.jmeter.report.processor.graph.impl.ResponseTimeOverTimeGraphConsumer#stopProducing(): responseTimesOverTime produced 0 samples
2023-09-29 23:05:02,749 INFO o.a.j.r.p.AbstractSampleConsumer: class org.apache.jmeter.report.processor.graph.impl.ConnectTimeOverTimeGraphConsumer#stopProducing(): connectTimeOverTime produced 0 samples
2023-09-29 23:05:02,749 INFO o.a.j.r.p.AbstractSampleConsumer: class org.apache.jmeter.report.processor.graph.impl.LatencyOverTimeGraphConsumer#stopProducing(): latenciesOverTime produced 0 samples
2023-09-29 23:05:02,749 INFO o.a.j.r.p.AbstractSampleConsumer: class org.apache.jmeter.report.processor.FilterConsumer#stopProducing(): nameFilter produced 6870 samples
2023-09-29 23:05:02,749 INFO o.a.j.r.p.AbstractSampleConsumer: class org.apache.jmeter.report.processor.FilterConsumer#stopProducing(): dateRangeFilter produced 1374 samples
2023-09-29 23:05:02,749 INFO o.a.j.r.p.AbstractSampleConsumer: class org.apache.jmeter.report.processor.NormalizerSampleConsumer#stopProducing(): normalizer produced 458 samples
2023-09-29 23:05:02,750 INFO o.a.j.r.p.CsvFileSampleSource: produce(): 458 samples produced in 133ms on channel 0
2023-09-29 23:05:02,750 INFO o.a.j.r.d.ReportGenerator: Exporting data using exporter:'json' of className:'org.apache.jmeter.report.dashboard.JsonExporter'
2023-09-29 23:05:02,867 INFO o.a.j.r.d.JsonExporter: Found data for consumer statisticsSummary in context
2023-09-29 23:05:02,867 INFO o.a.j.r.d.JsonExporter: Creating statistics for overall
2023-09-29 23:05:02,868 INFO o.a.j.r.d.JsonExporter: Creating statistics for other transactions
2023-09-29 23:05:02,869 INFO o.a.j.r.d.JsonExporter: Checking output folder
2023-09-29 23:05:02,870 INFO o.a.j.r.d.JsonExporter: Writing statistics JSON to C:\performance_testing\GHA_Demo\results\html_results\statistics.json
2023-09-29 23:05:02,907 INFO o.a.j.r.d.ReportGenerator: Exporting data using exporter:'html' of className:'org.apache.jmeter.report.dashboard.HtmlTemplateExporter'
2023-09-29 23:05:02,911 INFO o.a.j.r.d.HtmlTemplateExporter: Will generate dashboard in folder: C:\performance_testing\GHA_Demo\results\html_results
2023-09-29 23:05:03,012 INFO o.a.j.r.d.HtmlTemplateExporter: Report will be generated in: C:\performance_testing\GHA_Demo\results\html_results, creating folder structure
2023-09-29 23:05:03,015 INFO o.a.j.r.d.TemplateVisitor: Copying folder from 'C:\performance_testing\apache-jmeter-5.5\bin\report-template' to 'C:\performance_testing\GHA_Demo\results\html_results', got message: C:\performance_testing\GHA_Demo\results\html_results, found non empty folder with following content [C:\performance_testing\GHA_Demo\results\html_results\statistics.json], will be ignored
2023-09-29 23:05:03,759 INFO o.a.j.JMeter: Dashboard generated
